<?xml version="1.0" encoding="UTF-8" ?>
<testsuite failures="0" time="5.393" errors="0" skipped="0" tests="16" name="com.andreiribas.sistemaaudiencias.dao.jpa.accesscontrol.GroupDaoTest">
  <properties>
[...]
</properties>
  <testcase time="2.97" classname="com.andreiribas.sistemaaudiencias.dao.jpa.accesscontrol.GroupDaoTest" name="testSaveWhenAllDataIsOkShouldSucceed"/>
  <testcase time="0.027" classname="com.andreiribas.sistemaaudiencias.dao.jpa.accesscontrol.GroupDaoTest" name="testSaveWhenNameIsNullShouldThrowException"/>
  <testcase time="0.037" classname="com.andreiribas.sistemaaudiencias.dao.jpa.accesscontrol.GroupDaoTest" name="testSaveWhenNameIsEmptyShouldNotThrowException"/>
  <testcase time="0.028" classname="com.andreiribas.sistemaaudiencias.dao.jpa.accesscontrol.GroupDaoTest" name="testSaveWhenCreationDateIsEmptyShouldThrowException"/>
  <testcase time="0.117" classname="com.andreiribas.sistemaaudiencias.dao.jpa.accesscontrol.GroupDaoTest" name="testSaveAndUpdateItsNameWhenItsManaged"/>
  <testcase time="0.066" classname="com.andreiribas.sistemaaudiencias.dao.jpa.accesscontrol.GroupDaoTest" name="testSaveAndUpdateItsNameWithMerge"/>
  <testcase time="0.035" classname="com.andreiribas.sistemaaudiencias.dao.jpa.accesscontrol.GroupDaoTest" name="testCreateNewUserAndDeleteIt"/>
  <testcase time="0.005" classname="com.andreiribas.sistemaaudiencias.dao.jpa.accesscontrol.GroupDaoTest" name="testCountWhenThereAreNoGroupsShouldReturnZero"/>
  <testcase time="0.018" classname="com.andreiribas.sistemaaudiencias.dao.jpa.accesscontrol.GroupDaoTest" name="testCountWhenThereIsOnlyOneGroupShouldReturnOne"/>
  <testcase time="0.043" classname="com.andreiribas.sistemaaudiencias.dao.jpa.accesscontrol.GroupDaoTest" name="testCountWhenThereAreMoreThanOneGroupsShouldReturnNumberGreaterThanZero"/>
  <testcase time="0.028" classname="com.andreiribas.sistemaaudiencias.dao.jpa.accesscontrol.GroupDaoTest" name="testFindWhenIdIsNullShouldThrowException"/>
  <testcase time="0.003" classname="com.andreiribas.sistemaaudiencias.dao.jpa.accesscontrol.GroupDaoTest" name="testFindWhenIdDoesNotExistShouldReturnNull"/>
  <testcase time="0.021" classname="com.andreiribas.sistemaaudiencias.dao.jpa.accesscontrol.GroupDaoTest" name="testFindWhenIdDoesExistShouldReturnEntity"/>
  <testcase time="0.017" classname="com.andreiribas.sistemaaudiencias.dao.jpa.accesscontrol.GroupDaoTest" name="testDeleteWhenObjectIsNullShouldThrowException"/>
  <testcase time="0.007" classname="com.andreiribas.sistemaaudiencias.dao.jpa.accesscontrol.GroupDaoTest" name="testDeleteWhenObjectIsNotManagedShouldDoNothing"/>
  <testcase time="0.06" classname="com.andreiribas.sistemaaudiencias.dao.jpa.accesscontrol.GroupDaoTest" name="testDeleteWhenObjectIsManagedShouldDeleteIt"/>
</testsuite>